1718623615691:runJob
1718623617754:help
1718623619678:rj
1718623635492:help
1718623641879:gw charlotte
1718623654765:cln output.txt
1718917924467:help
1718917932126:gw mooresville
1718917939368:cln output.txt
1718918003805:help
1718918010796:csv output.txt
1718918020736:csv output.csv
1718918177617:csv output.txt
1718918782940:csv /home/andrewpraskala/Programming/WeatherCLI/WeatherCommandApp/src/main/resources/scripts/output.txt
1718918885704:csv output.txt
1718919071924:help
1718919077930:csv output.txt
1719621002021:help
1719621013440:gw mooresville
1719621042228:cln
1719621175150:gw mooresville
1719621182752:cln
1719621264090:gw mooresville
1719621393189:gw toronto
1719621461730:gw boston
1719621598571:gw toronto
1719622216821:rj
