1718015160827:help
1718015169746:getWeather mooresville
1718015201508:getWeather saratoga
1718015759000:help
1718015762270:getWeather
1718015775109:getWeather mooresville
1718017016668:stacktrace
1718066007111:help
1718066008568:runJob
1718066252447:help
1718066256649:getWeather mooresville
1718066772333:getWeather saratoga
1718066788297:getWeather mooresville
1718067438933:stacktrace
1718067486436:getWeather saratoga
1718067691696:getWeather mooresville
1718101727453:weatherResp mooresville
1718102647860:weatherResp saratoga
1718102664486:stacktrace
1718102692926:w
1718102694918:clear
1718102711296:weatherResp charlotte
1718102718333:stacktrace
1718102795598:gw mooresville
1718102903575:stacktrace
1718102957562:gw mooresville
1718190137485:help
1718190141762:gw mooresville
1718191162680:cln output.txt
1718191470152:gw mooresville
1718191550426:cln output.txt
1718191592699:gw saratoga
1718191623892:cln output.txt
1718191717019:gw mooresville
1718191720576:cln output.txt
1718276714803:gw charlotte
1718276731414:cln output.txt
1718276968443:gw mooresville
1718276971524:cln output.txt
1718277058722:gw mooresville
1718277077283:cln output.txt
1718277186249:gw mooresville
1718277193885:cln output.txt
1718277228221:gw mooresville
1718277233123:cln output.txt
1718277317138:gw mooresville
1718277328456:cln
1718277465565:gw mooresville
1718277472190:cln output.txt
1718277510034:gw mooresville
1718277513529:cln output.txt
1718277616050:gw mooresville
1718277711482:gw huntsville
1718277777525:cln src/main/resources/scripts/output.txt
1718277789932:stacktrace
1718277907730:gw huntsville
1718277910581:cln output.txt
